{
  "RSpec": {
    "coverage": {
      "/Users/moishe/Documents/Projects/Week-4/chitter-challenge/app.rb": [
        1,
        1,
        1,
        null,
        1,
        null,
        null,
        null,
        1,
        1,
        1,
        1,
        null,
        1,
        8,
        8,
        null,
        0,
        null,
        8,
        8,
        1005,
        null,
        8,
        null,
        null,
        1,
        3,
        3,
        3,
        3,
        null,
        null,
        1,
        1,
        null,
        null,
        1,
        1,
        1,
        1,
        1,
        1,
        null,
        null,
        null,
        1,
        null
      ],
      "/Users/moishe/Documents/Projects/Week-4/chitter-challenge/lib/message.rb": [
        1,
        1,
        null,
        1,
        null,
        null,
        1,
        null,
        null,
        null,
        null,
        null,
        null,
        null,
        null,
        null,
        null,
        null,
        null,
        null,
        1,
        3,
        3,
        null,
        0,
        null,
        3,
        3,
        null,
        null,
        null
      ],
      "/Users/moishe/Documents/Projects/Week-4/chitter-challenge/lib/user.rb": [
        1,
        1,
        null,
        null,
        null,
        1,
        1,
        null,
        1,
        3,
        3,
        3,
        null,
        null,
        1,
        2,
        2,
        null,
        0,
        null,
        2,
        2,
        null,
        null
      ],
      "/Users/moishe/Documents/Projects/Week-4/chitter-challenge/spec/features/features_spec.rb": [
        1,
        1,
        1,
        1,
        null,
        null,
        1,
        1,
        1,
        1,
        1,
        null,
        null,
        1,
        null,
        1,
        1,
        1,
        1,
        1,
        1,
        null,
        null,
        1,
        1,
        1,
        1,
        1,
        1,
        1,
        1,
        null,
        null
      ],
      "/Users/moishe/Documents/Projects/Week-4/chitter-challenge/spec/message_spec.rb": [
        1,
        1,
        null,
        1,
        1,
        1,
        null,
        1,
        null,
        null,
        null,
        null,
        null,
        null,
        null,
        null,
        null,
        null,
        null,
        null,
        null,
        null,
        null,
        null,
        null,
        null,
        null,
        null,
        null,
        null,
        null,
        null
      ],
      "/Users/moishe/Documents/Projects/Week-4/chitter-challenge/spec/user_spec.rb": [
        1,
        1,
        null,
        1,
        1,
        1,
        null,
        1,
        null,
        null,
        1,
        1,
        1,
        null,
        0,
        null,
        0,
        0,
        0,
        null,
        null
      ]
    },
    "timestamp": 1540729073
  }
}
