{
  "RSpec": {
    "coverage": {
      "/Users/moishe/Documents/Projects/Week-4/chitter-challenge/app.rb": [
        1,
        1,
        null,
        1,
        null,
        null,
        null,
        null,
        1,
        1,
        null,
        1,
        3,
        3,
        null,
        0,
        null,
        3,
        3,
        63,
        null,
        3,
        null,
        null,
        1,
        2,
        2,
        2,
        0,
        null,
        null,
        1,
        null
      ],
      "/Users/moishe/Documents/Projects/Week-4/chitter-challenge/lib/message.rb": [
        1,
        1,
        null,
        1,
        null,
        null,
        1,
        null,
        null,
        null,
        null,
        null,
        null,
        null,
        null,
        null,
        null,
        null,
        null,
        null,
        1,
        2,
        2,
        null,
        0,
        null,
        2,
        0,
        null,
        null,
        null
      ],
      "/Users/moishe/Documents/Projects/Week-4/chitter-challenge/spec/features/features_spec.rb": [
        1,
        1,
        1,
        1,
        null,
        null,
        1,
        1,
        1,
        1,
        0,
        null,
        null,
        1,
        1,
        1,
        1,
        0,
        0,
        0,
        null,
        null
      ],
      "/Users/moishe/Documents/Projects/Week-4/chitter-challenge/spec/message_spec.rb": [
        1,
        1,
        null,
        1,
        1,
        1,
        null,
        1,
        null,
        null,
        null,
        null,
        null,
        null,
        null,
        null,
        null,
        null,
        null,
        null,
        null,
        null,
        null,
        null,
        null,
        null,
        null,
        null,
        null,
        null,
        null,
        null
      ]
    },
    "timestamp": 1540564060
  }
}
